<?xml version="1.0" encoding="UTF-8"?>
<testng-results skipped="0" failed="0" ignored="0" total="1" passed="1">
  <reporter-output>
  </reporter-output>
  <suite name="Surefire suite" duration-ms="55" started-at="2017-07-08T10:43:47Z" finished-at="2017-07-08T10:43:47Z">
    <groups>
    </groups>
    <test name="Surefire test" duration-ms="55" started-at="2017-07-08T10:43:47Z" finished-at="2017-07-08T10:43:47Z">
      <class name="com.JavaLearn.Core.TestJava.AppTest">
        <test-method status="PASS" signature="testApp()" name="testApp" duration-ms="13" started-at="2017-07-08T16:13:47Z" finished-at="2017-07-08T16:13:47Z">
          <reporter-output>
          </reporter-output>
        </test-method> <!-- testApp -->
      </class> <!-- com.JavaLearn.Core.TestJava.AppTest -->
    </test> <!-- Surefire test -->
  </suite> <!-- Surefire suite -->
</testng-results>
