<?xml version="1.0" encoding="UTF-8"?>
<testng-results skipped="0" failed="0" ignored="0" total="1" passed="1">
  <reporter-output>
  </reporter-output>
  <suite name="Surefire suite" duration-ms="2451" started-at="2017-07-08T05:24:09Z" finished-at="2017-07-08T05:24:12Z">
    <groups>
      <group name="cucumber">
        <method signature="AbstractTestNGCucumberTests.feature(cucumber.api.testng.CucumberFeatureWrapper)[pri:0, instance:Runner.TestRunner@2a2d45ba]" name="feature" class="cucumber.api.testng.AbstractTestNGCucumberTests"/>
      </group> <!-- cucumber -->
    </groups>
    <test name="Surefire test" duration-ms="2451" started-at="2017-07-08T05:24:09Z" finished-at="2017-07-08T05:24:12Z">
      <class name="Runner.TestRunner">
        <test-method status="PASS" signature="setUpClass()[pri:0, instance:Runner.TestRunner@2a2d45ba]" name="setUpClass" is-config="true" duration-ms="431" started-at="2017-07-08T10:54:10Z" finished-at="2017-07-08T10:54:10Z">
          <reporter-output>
          </reporter-output>
        </test-method> <!-- setUpClass -->
        <test-method status="PASS" signature="feature(cucumber.api.testng.CucumberFeatureWrapper)[pri:0, instance:Runner.TestRunner@2a2d45ba]" name="feature" duration-ms="1723" started-at="2017-07-08T10:54:10Z" description="Runs Cucumber Feature" data-provider="features" finished-at="2017-07-08T10:54:12Z">
          <params>
            <param index="0">
              <value>
                <![CDATA[create a test feature for testing]]>
              </value>
            </param>
          </params>
          <reporter-output>
          </reporter-output>
        </test-method> <!-- feature -->
        <test-method status="PASS" signature="tearDownClass()[pri:0, instance:Runner.TestRunner@2a2d45ba]" name="tearDownClass" is-config="true" duration-ms="122" started-at="2017-07-08T10:54:12Z" finished-at="2017-07-08T10:54:12Z">
          <reporter-output>
          </reporter-output>
        </test-method> <!-- tearDownClass -->
      </class> <!-- Runner.TestRunner -->
    </test> <!-- Surefire test -->
  </suite> <!-- Surefire suite -->
</testng-results>
